<?xml version="1.0" encoding="UTF-8"?>
<!-- Generated by org.testng.reporters.JUnitReportReporter -->
<testsuite hostname="ARTEMIS" failures="0" tests="26" name="annaBrundin.AdvancedCalculatorTest" time="0.091" errors="0" timestamp="30 Mar 2021 23:31:18 GMT">
  <testcase classname="annaBrundin.AdvancedCalculatorTest" name="percentagePositive" time="0.002"/>
  <testcase classname="annaBrundin.AdvancedCalculatorTest" name="percentageNegativePercent" time="0.032"/>
  <testcase classname="annaBrundin.AdvancedCalculatorTest" name="positiveExponentiationZeroExponent" time="0.002"/>
  <testcase classname="annaBrundin.AdvancedCalculatorTest" name="squareRoot" time="0.000"/>
  <testcase classname="annaBrundin.AdvancedCalculatorTest" name="percentage" time="0.000"/>
  <testcase classname="annaBrundin.AdvancedCalculatorTest" name="percentageNegativeValue" time="0.001"/>
  <testcase classname="annaBrundin.AdvancedCalculatorTest" name="percentageZeroPercentage" time="0.026"/>
  <testcase classname="annaBrundin.AdvancedCalculatorTest" name="positiveExponentiationNegativeExponent" time="0.001"/>
  <testcase classname="annaBrundin.AdvancedCalculatorTest" name="negativeExponentiationZeroBase" time="0.001"/>
  <testcase classname="annaBrundin.AdvancedCalculatorTest" name="remainderDoubleValue" time="0.005"/>
  <testcase classname="annaBrundin.AdvancedCalculatorTest" name="percentageZeroValue" time="0.001"/>
  <testcase classname="annaBrundin.AdvancedCalculatorTest" name="squarePositive" time="0.001"/>
  <testcase classname="annaBrundin.AdvancedCalculatorTest" name="remainderNegativeDividend" time="0.006"/>
  <testcase classname="annaBrundin.AdvancedCalculatorTest" name="remainderZeroDividend" time="0.000"/>
  <testcase classname="annaBrundin.AdvancedCalculatorTest" name="remainder" time="0.001"/>
  <testcase classname="annaBrundin.AdvancedCalculatorTest" name="negativeExponentiation" time="0.000"/>
  <testcase classname="annaBrundin.AdvancedCalculatorTest" name="squareNegative" time="0.001"/>
  <testcase classname="annaBrundin.AdvancedCalculatorTest" name="negativeExponentiationPositiveExponent" time="0.001"/>
  <testcase classname="annaBrundin.AdvancedCalculatorTest" name="absoluteValueOf" time="0.000"/>
  <testcase classname="annaBrundin.AdvancedCalculatorTest" name="remainderPositive" time="0.001"/>
  <testcase classname="annaBrundin.AdvancedCalculatorTest" name="positiveExponentiation" time="0.000"/>
  <testcase classname="annaBrundin.AdvancedCalculatorTest" name="remainderNegativeDivisor" time="0.003"/>
  <testcase classname="annaBrundin.AdvancedCalculatorTest" name="negativeExponentiationZeroExponent" time="0.004"/>
  <testcase classname="annaBrundin.AdvancedCalculatorTest" name="remainderZeroDivisor" time="0.001"/>
  <testcase classname="annaBrundin.AdvancedCalculatorTest" name="squareRootZeroValue" time="0.001"/>
  <testcase classname="annaBrundin.AdvancedCalculatorTest" name="positiveExponentiationZeroBase" time="0.000"/>
</testsuite> <!-- annaBrundin.AdvancedCalculatorTest -->
