<?xml version="1.0" encoding="UTF-8"?>
<!-- Generated by org.testng.reporters.JUnitReportReporter -->
<testsuite hostname="ARTEMIS" failures="0" tests="5" name="annaBrundin.AdvancedCalculatorTest" time="0.038" errors="0" timestamp="30 Mar 2021 09:39:39 GMT">
  <testcase classname="annaBrundin.AdvancedCalculatorTest" name="exponentiation" time="0.037"/>
  <testcase classname="annaBrundin.AdvancedCalculatorTest" name="absoluteValueOf" time="0.000"/>
  <testcase classname="annaBrundin.AdvancedCalculatorTest" name="squareRoot" time="0.000"/>
  <testcase classname="annaBrundin.AdvancedCalculatorTest" name="percentage" time="0.001"/>
  <testcase classname="annaBrundin.AdvancedCalculatorTest" name="remainder" time="0.000"/>
</testsuite> <!-- annaBrundin.AdvancedCalculatorTest -->
